#
# There is insufficient memory for the Java Runtime Environment to continue.
# Native memory allocation (malloc) failed to allocate 76576 bytes for Chunk::new
# Possible reasons:
#   The system is out of physical RAM or swap space
#   The process is running with CompressedOops enabled, and the Java Heap may be blocking the growth of the native heap
# Possible solutions:
#   Reduce memory load on the system
#   Increase physical memory or swap space
#   Check if swap backing store is full
#   Decrease Java heap size (-Xmx/-Xms)
#   Decrease number of Java threads
#   Decrease Java thread stack sizes (-Xss)
#   Set larger code cache with -XX:ReservedCodeCacheSize=
#   JVM is running with Zero Based Compressed Oops mode in which the Java heap is
#     placed in the first 32GB address space. The Java Heap base address is the
#     maximum limit for the native heap growth. Please use -XX:HeapBaseMinAddress
#     to set the Java Heap base and to place the Java Heap above 32GB virtual address.
# This output file may be truncated or incomplete.
#
#  Out of Memory Error (arena.cpp:184), pid=8632, tid=12308
#
# JRE version: Java(TM) SE Runtime Environment (19.0.1+10) (build 19.0.1+10-21)
# Java VM: Java HotSpot(TM) 64-Bit Server VM (19.0.1+10-21, mixed mode, sharing, tiered, compressed oops, compressed class ptrs, g1 gc, windows-amd64)
# No core dump will be written. Minidumps are not enabled by default on client versions of Windows
#

---------------  S U M M A R Y ------------

Command Line: -ea -Didea.test.cyclic.buffer.size=1048576 -javaagent:D:\Program Files\JetBrains\IntelliJ IDEA 2022.2.3\lib\idea_rt.jar=55291:D:\Program Files\JetBrains\IntelliJ IDEA 2022.2.3\bin -Dfile.encoding=UTF-8 -Dsun.stdout.encoding=UTF-8 -Dsun.stderr.encoding=UTF-8 com.intellij.rt.junit.JUnitStarter -ideVersion5 -junit5 com.mango.repository.RideRepositoryTest,findActiveByDriver

Host: AMD Ryzen 3 1200 Quad-Core Processor           , 4 cores, 15G,  Windows 10 , 64 bit Build 19041 (10.0.19041.3031)
Time: Wed Jun 21 05:46:03 2023 Central Europe Daylight Time elapsed time: 0.497905 seconds (0d 0h 0m 0s)

---------------  T H R E A D  ---------------

Current thread (0x0000021d7eaaa4a0):  JavaThread "C2 CompilerThread0" daemon [_thread_in_native, id=12308, stack(0x000000ed1ce00000,0x000000ed1cf00000)]


Current CompileTask:
C2:    498  943 %     4       java.lang.StringUTF16::compress @ 3 (50 bytes)

Stack: [0x000000ed1ce00000,0x000000ed1cf00000]
Native frames: (J=compiled Java code, j=interpreted, Vv=VM code, C=native code)
V  [jvm.dll+0x6ee8fa]
V  [jvm.dll+0x857a1e]
V  [jvm.dll+0x85940e]
V  [jvm.dll+0x859ac3]
V  [jvm.dll+0x28291f]
V  [jvm.dll+0xc9b5f]
V  [jvm.dll+0xc9ee5]
V  [jvm.dll+0x3bcbac]
V  [jvm.dll+0x386201]
V  [jvm.dll+0x38567a]
V  [jvm.dll+0x24c2c9]
V  [jvm.dll+0x24b671]
V  [jvm.dll+0x1d6d61]
V  [jvm.dll+0x25b0fa]
V  [jvm.dll+0x259588]
V  [jvm.dll+0x807928]
V  [jvm.dll+0x8015fa]
V  [jvm.dll+0x6ed5eb]
C  [ucrtbase.dll+0x21bb2]
C  [KERNEL32.DLL+0x17614]
C  [ntdll.dll+0x526f1]


---------------  P R O C E S S  ---------------

Threads class SMR info:
_java_thread_list=0x0000021d1732c5f0, length=13, elements={
0x0000021d6ee93cb0, 0x0000021d7ea8b360, 0x0000021d7ea8c050, 0x0000021d7ea8f850,
0x0000021d7ea91390, 0x0000021d7ea91ec0, 0x0000021d7ea9e960, 0x0000021d7eaaa4a0,
0x0000021d7eaaae10, 0x0000021d7eabffa0, 0x0000021d171c64e0, 0x0000021d17379cf0,
0x0000021d1737a230
}

Java Threads: ( => current thread )
  0x0000021d6ee93cb0 JavaThread "main" [_thread_in_vm, id=5260, stack(0x000000ed1c100000,0x000000ed1c200000)]
  0x0000021d7ea8b360 JavaThread "Reference Handler" daemon [_thread_blocked, id=16224, stack(0x000000ed1c800000,0x000000ed1c900000)]
  0x0000021d7ea8c050 JavaThread "Finalizer" daemon [_thread_blocked, id=4988, stack(0x000000ed1c900000,0x000000ed1ca00000)]
  0x0000021d7ea8f850 JavaThread "Signal Dispatcher" daemon [_thread_blocked, id=16108, stack(0x000000ed1ca00000,0x000000ed1cb00000)]
  0x0000021d7ea91390 JavaThread "Attach Listener" daemon [_thread_blocked, id=13648, stack(0x000000ed1cb00000,0x000000ed1cc00000)]
  0x0000021d7ea91ec0 JavaThread "Service Thread" daemon [_thread_blocked, id=6036, stack(0x000000ed1cc00000,0x000000ed1cd00000)]
  0x0000021d7ea9e960 JavaThread "Monitor Deflation Thread" daemon [_thread_blocked, id=15488, stack(0x000000ed1cd00000,0x000000ed1ce00000)]
=>0x0000021d7eaaa4a0 JavaThread "C2 CompilerThread0" daemon [_thread_in_native, id=12308, stack(0x000000ed1ce00000,0x000000ed1cf00000)]
  0x0000021d7eaaae10 JavaThread "C1 CompilerThread0" daemon [_thread_in_native, id=13992, stack(0x000000ed1cf00000,0x000000ed1d000000)]
  0x0000021d7eabffa0 JavaThread "Sweeper thread" daemon [_thread_blocked, id=15416, stack(0x000000ed1d000000,0x000000ed1d100000)]
  0x0000021d171c64e0 JavaThread "Common-Cleaner" daemon [_thread_blocked, id=7160, stack(0x000000ed1d100000,0x000000ed1d200000)]
  0x0000021d17379cf0 JavaThread "Monitor Ctrl-Break" daemon [_thread_in_native, id=16144, stack(0x000000ed1d200000,0x000000ed1d300000)]
  0x0000021d1737a230 JavaThread "Notification Thread" daemon [_thread_blocked, id=14808, stack(0x000000ed1d300000,0x000000ed1d400000)]

Other Threads:
  0x0000021d7ea701a0 VMThread "VM Thread" [stack: 0x000000ed1c700000,0x000000ed1c800000] [id=6732]
  0x0000021d1737af80 WatcherThread "VM Periodic Task Thread" [stack: 0x000000ed1d400000,0x000000ed1d500000] [id=2176]
  0x0000021d6ef033d0 WorkerThread "GC Thread#0" [stack: 0x000000ed1c200000,0x000000ed1c300000] [id=32]
  0x0000021d174bb010 WorkerThread "GC Thread#1" [stack: 0x000000ed1d500000,0x000000ed1d600000] [id=14688]
  0x0000021d174bb2e0 WorkerThread "GC Thread#2" [stack: 0x000000ed1d600000,0x000000ed1d700000] [id=11844]
  0x0000021d17929e30 WorkerThread "GC Thread#3" [stack: 0x000000ed1d700000,0x000000ed1d800000] [id=12576]
  0x0000021d6ef143a0 ConcurrentGCThread "G1 Main Marker" [stack: 0x000000ed1c300000,0x000000ed1c400000] [id=15576]
  0x0000021d6ef14dd0 WorkerThread "G1 Conc#0" [stack: 0x000000ed1c400000,0x000000ed1c500000] [id=14644]
  0x0000021d7e92c530 ConcurrentGCThread "G1 Refine#0" [stack: 0x000000ed1c500000,0x000000ed1c600000] [id=16296]
  0x0000021d7e92cf80 ConcurrentGCThread "G1 Service" [stack: 0x000000ed1c600000,0x000000ed1c700000] [id=9768]

Threads with active compile tasks:
C2 CompilerThread0      558  943 %     4       java.lang.StringUTF16::compress @ 3 (50 bytes)
C1 CompilerThread0      558  991       3       java.net.URLStreamHandler::parseURL (1124 bytes)

VM state: not at safepoint (normal execution)

VM Mutex/Monitor currently owned by a thread:  ([mutex/lock_event])
[0x0000021d6ee8cf50] Metaspace_lock - owner thread: 0x0000021d6ee93cb0

Heap address: 0x0000000701200000, size: 4078 MB, Compressed Oops mode: Zero based, Oop shift amount: 3

CDS archive(s) mapped at: [0x0000000800000000-0x0000000800c40000-0x0000000800c40000), size 12845056, SharedBaseAddress: 0x0000000800000000, ArchiveRelocationMode: 0.
Compressed class space mapped at: 0x0000000801000000-0x0000000841000000, reserved size: 1073741824
Narrow klass base: 0x0000000800000000, Narrow klass shift: 0, Narrow klass range: 0x100000000

GC Precious Log:
 CardTable entry size: 512
 Card Set container configuration: InlinePtr #cards 4 size 8 Array Of Cards #cards 16 size 48 Howl #buckets 8 coarsen threshold 3686 Howl Bitmap #cards 512 size 80 coarsen threshold 460 Card regions per heap region 1 cards per card region 4096
 CPUs: 4 total, 4 available
 Memory: 16311M
 Large Page Support: Disabled
 NUMA Support: Disabled
 Compressed Oops: Enabled (Zero based)
 Heap Region Size: 2M
 Heap Min Capacity: 8M
 Heap Initial Capacity: 256M
 Heap Max Capacity: 4078M
 Pre-touch: Disabled
 Parallel Workers: 4
 Concurrent Workers: 1
 Concurrent Refinement Workers: 4
 Periodic GC: Disabled

Heap:
 garbage-first heap   total 262144K, used 12786K [0x0000000701200000, 0x0000000800000000)
  region size 2048K, 5 young (10240K), 1 survivors (2048K)
 Metaspace       used 3735K, committed 3904K, reserved 1114112K
  class space    used 414K, committed 512K, reserved 1048576K

Heap Regions: E=young(eden), S=young(survivor), O=old, HS=humongous(starts), HC=humongous(continues), CS=collection set, F=free, OA=open archive, CA=closed archive, TAMS=top-at-mark-start (previous, next)
|   0|0x0000000701200000, 0x0000000701400000, 0x0000000701400000|100%| O|  |TAMS 0x0000000701200000, 0x0000000701200000| Untracked 
|   1|0x0000000701400000, 0x0000000701600000, 0x0000000701600000|100%| O|  |TAMS 0x0000000701400000, 0x0000000701400000| Untracked 
|   2|0x0000000701600000, 0x000000070167c800, 0x0000000701800000| 24%| O|  |TAMS 0x0000000701600000, 0x0000000701600000| Untracked 
|   3|0x0000000701800000, 0x0000000701800000, 0x0000000701a00000|  0%| F|  |TAMS 0x0000000701800000, 0x0000000701800000| Untracked 
|   4|0x0000000701a00000, 0x0000000701a00000, 0x0000000701c00000|  0%| F|  |TAMS 0x0000000701a00000, 0x0000000701a00000| Untracked 
|   5|0x0000000701c00000, 0x0000000701c00000, 0x0000000701e00000|  0%| F|  |TAMS 0x0000000701c00000, 0x0000000701c00000| Untracked 
|   6|0x0000000701e00000, 0x0000000701e00000, 0x0000000702000000|  0%| F|  |TAMS 0x0000000701e00000, 0x0000000701e00000| Untracked 
|   7|0x0000000702000000, 0x0000000702000000, 0x0000000702200000|  0%| F|  |TAMS 0x0000000702000000, 0x0000000702000000| Untracked 
|   8|0x0000000702200000, 0x0000000702200000, 0x0000000702400000|  0%| F|  |TAMS 0x0000000702200000, 0x0000000702200000| Untracked 
|   9|0x0000000702400000, 0x0000000702400000, 0x0000000702600000|  0%| F|  |TAMS 0x0000000702400000, 0x0000000702400000| Untracked 
|  10|0x0000000702600000, 0x0000000702600000, 0x0000000702800000|  0%| F|  |TAMS 0x0000000702600000, 0x0000000702600000| Untracked 
|  11|0x0000000702800000, 0x0000000702800000, 0x0000000702a00000|  0%| F|  |TAMS 0x0000000702800000, 0x0000000702800000| Untracked 
|  12|0x0000000702a00000, 0x0000000702a00000, 0x0000000702c00000|  0%| F|  |TAMS 0x0000000702a00000, 0x0000000702a00000| Untracked 
|  13|0x0000000702c00000, 0x0000000702c00000, 0x0000000702e00000|  0%| F|  |TAMS 0x0000000702c00000, 0x0000000702c00000| Untracked 
|  14|0x0000000702e00000, 0x0000000702e00000, 0x0000000703000000|  0%| F|  |TAMS 0x0000000702e00000, 0x0000000702e00000| Untracked 
|  15|0x0000000703000000, 0x0000000703000000, 0x0000000703200000|  0%| F|  |TAMS 0x0000000703000000, 0x0000000703000000| Untracked 
|  16|0x0000000703200000, 0x0000000703200000, 0x0000000703400000|  0%| F|  |TAMS 0x0000000703200000, 0x0000000703200000| Untracked 
|  17|0x0000000703400000, 0x0000000703400000, 0x0000000703600000|  0%| F|  |TAMS 0x0000000703400000, 0x0000000703400000| Untracked 
|  18|0x0000000703600000, 0x0000000703600000, 0x0000000703800000|  0%| F|  |TAMS 0x0000000703600000, 0x0000000703600000| Untracked 
|  19|0x0000000703800000, 0x0000000703800000, 0x0000000703a00000|  0%| F|  |TAMS 0x0000000703800000, 0x0000000703800000| Untracked 
|  20|0x0000000703a00000, 0x0000000703a00000, 0x0000000703c00000|  0%| F|  |TAMS 0x0000000703a00000, 0x0000000703a00000| Untracked 
|  21|0x0000000703c00000, 0x0000000703c00000, 0x0000000703e00000|  0%| F|  |TAMS 0x0000000703c00000, 0x0000000703c00000| Untracked 
|  22|0x0000000703e00000, 0x0000000703e00000, 0x0000000704000000|  0%| F|  |TAMS 0x0000000703e00000, 0x0000000703e00000| Untracked 
|  23|0x0000000704000000, 0x0000000704000000, 0x0000000704200000|  0%| F|  |TAMS 0x0000000704000000, 0x0000000704000000| Untracked 
|  24|0x0000000704200000, 0x0000000704200000, 0x0000000704400000|  0%| F|  |TAMS 0x0000000704200000, 0x0000000704200000| Untracked 
|  25|0x0000000704400000, 0x0000000704400000, 0x0000000704600000|  0%| F|  |TAMS 0x0000000704400000, 0x0000000704400000| Untracked 
|  26|0x0000000704600000, 0x0000000704600000, 0x0000000704800000|  0%| F|  |TAMS 0x0000000704600000, 0x0000000704600000| Untracked 
|  27|0x0000000704800000, 0x0000000704800000, 0x0000000704a00000|  0%| F|  |TAMS 0x0000000704800000, 0x0000000704800000| Untracked 
|  28|0x0000000704a00000, 0x0000000704a00000, 0x0000000704c00000|  0%| F|  |TAMS 0x0000000704a00000, 0x0000000704a00000| Untracked 
|  29|0x0000000704c00000, 0x0000000704c00000, 0x0000000704e00000|  0%| F|  |TAMS 0x0000000704c00000, 0x0000000704c00000| Untracked 
|  30|0x0000000704e00000, 0x0000000704e00000, 0x0000000705000000|  0%| F|  |TAMS 0x0000000704e00000, 0x0000000704e00000| Untracked 
|  31|0x0000000705000000, 0x0000000705000000, 0x0000000705200000|  0%| F|  |TAMS 0x0000000705000000, 0x0000000705000000| Untracked 
|  32|0x0000000705200000, 0x0000000705200000, 0x0000000705400000|  0%| F|  |TAMS 0x0000000705200000, 0x0000000705200000| Untracked 
|  33|0x0000000705400000, 0x0000000705400000, 0x0000000705600000|  0%| F|  |TAMS 0x0000000705400000, 0x0000000705400000| Untracked 
|  34|0x0000000705600000, 0x0000000705600000, 0x0000000705800000|  0%| F|  |TAMS 0x0000000705600000, 0x0000000705600000| Untracked 
|  35|0x0000000705800000, 0x0000000705800000, 0x0000000705a00000|  0%| F|  |TAMS 0x0000000705800000, 0x0000000705800000| Untracked 
|  36|0x0000000705a00000, 0x0000000705a00000, 0x0000000705c00000|  0%| F|  |TAMS 0x0000000705a00000, 0x0000000705a00000| Untracked 
|  37|0x0000000705c00000, 0x0000000705c00000, 0x0000000705e00000|  0%| F|  |TAMS 0x0000000705c00000, 0x0000000705c00000| Untracked 
|  38|0x0000000705e00000, 0x0000000705e00000, 0x0000000706000000|  0%| F|  |TAMS 0x0000000705e00000, 0x0000000705e00000| Untracked 
|  39|0x0000000706000000, 0x0000000706000000, 0x0000000706200000|  0%| F|  |TAMS 0x0000000706000000, 0x0000000706000000| Untracked 
|  40|0x0000000706200000, 0x0000000706200000, 0x0000000706400000|  0%| F|  |TAMS 0x0000000706200000, 0x0000000706200000| Untracked 
|  41|0x0000000706400000, 0x0000000706400000, 0x0000000706600000|  0%| F|  |TAMS 0x0000000706400000, 0x0000000706400000| Untracked 
|  42|0x0000000706600000, 0x0000000706600000, 0x0000000706800000|  0%| F|  |TAMS 0x0000000706600000, 0x0000000706600000| Untracked 
|  43|0x0000000706800000, 0x0000000706800000, 0x0000000706a00000|  0%| F|  |TAMS 0x0000000706800000, 0x0000000706800000| Untracked 
|  44|0x0000000706a00000, 0x0000000706a00000, 0x0000000706c00000|  0%| F|  |TAMS 0x0000000706a00000, 0x0000000706a00000| Untracked 
|  45|0x0000000706c00000, 0x0000000706c00000, 0x0000000706e00000|  0%| F|  |TAMS 0x0000000706c00000, 0x0000000706c00000| Untracked 
|  46|0x0000000706e00000, 0x0000000706e00000, 0x0000000707000000|  0%| F|  |TAMS 0x0000000706e00000, 0x0000000706e00000| Untracked 
|  47|0x0000000707000000, 0x0000000707000000, 0x0000000707200000|  0%| F|  |TAMS 0x0000000707000000, 0x0000000707000000| Untracked 
|  48|0x0000000707200000, 0x0000000707200000, 0x0000000707400000|  0%| F|  |TAMS 0x0000000707200000, 0x0000000707200000| Untracked 
|  49|0x0000000707400000, 0x0000000707400000, 0x0000000707600000|  0%| F|  |TAMS 0x0000000707400000, 0x0000000707400000| Untracked 
|  50|0x0000000707600000, 0x0000000707600000, 0x0000000707800000|  0%| F|  |TAMS 0x0000000707600000, 0x0000000707600000| Untracked 
|  51|0x0000000707800000, 0x0000000707800000, 0x0000000707a00000|  0%| F|  |TAMS 0x0000000707800000, 0x0000000707800000| Untracked 
|  52|0x0000000707a00000, 0x0000000707a00000, 0x0000000707c00000|  0%| F|  |TAMS 0x0000000707a00000, 0x0000000707a00000| Untracked 
|  53|0x0000000707c00000, 0x0000000707c00000, 0x0000000707e00000|  0%| F|  |TAMS 0x0000000707c00000, 0x0000000707c00000| Untracked 
|  54|0x0000000707e00000, 0x0000000707e00000, 0x0000000708000000|  0%| F|  |TAMS 0x0000000707e00000, 0x0000000707e00000| Untracked 
|  55|0x0000000708000000, 0x0000000708000000, 0x0000000708200000|  0%| F|  |TAMS 0x0000000708000000, 0x0000000708000000| Untracked 
|  56|0x0000000708200000, 0x0000000708200000, 0x0000000708400000|  0%| F|  |TAMS 0x0000000708200000, 0x0000000708200000| Untracked 
|  57|0x0000000708400000, 0x0000000708400000, 0x0000000708600000|  0%| F|  |TAMS 0x0000000708400000, 0x0000000708400000| Untracked 
|  58|0x0000000708600000, 0x0000000708600000, 0x0000000708800000|  0%| F|  |TAMS 0x0000000708600000, 0x0000000708600000| Untracked 
|  59|0x0000000708800000, 0x0000000708800000, 0x0000000708a00000|  0%| F|  |TAMS 0x0000000708800000, 0x0000000708800000| Untracked 
|  60|0x0000000708a00000, 0x0000000708a00000, 0x0000000708c00000|  0%| F|  |TAMS 0x0000000708a00000, 0x0000000708a00000| Untracked 
|  61|0x0000000708c00000, 0x0000000708c00000, 0x0000000708e00000|  0%| F|  |TAMS 0x0000000708c00000, 0x0000000708c00000| Untracked 
|  62|0x0000000708e00000, 0x0000000708e00000, 0x0000000709000000|  0%| F|  |TAMS 0x0000000708e00000, 0x0000000708e00000| Untracked 
|  63|0x0000000709000000, 0x0000000709000000, 0x0000000709200000|  0%| F|  |TAMS 0x0000000709000000, 0x0000000709000000| Untracked 
|  64|0x0000000709200000, 0x0000000709200000, 0x0000000709400000|  0%| F|  |TAMS 0x0000000709200000, 0x0000000709200000| Untracked 
|  65|0x0000000709400000, 0x0000000709400000, 0x0000000709600000|  0%| F|  |TAMS 0x0000000709400000, 0x0000000709400000| Untracked 
|  66|0x0000000709600000, 0x0000000709600000, 0x0000000709800000|  0%| F|  |TAMS 0x0000000709600000, 0x0000000709600000| Untracked 
|  67|0x0000000709800000, 0x0000000709800000, 0x0000000709a00000|  0%| F|  |TAMS 0x0000000709800000, 0x0000000709800000| Untracked 
|  68|0x0000000709a00000, 0x0000000709a00000, 0x0000000709c00000|  0%| F|  |TAMS 0x0000000709a00000, 0x0000000709a00000| Untracked 
|  69|0x0000000709c00000, 0x0000000709c00000, 0x0000000709e00000|  0%| F|  |TAMS 0x0000000709c00000, 0x0000000709c00000| Untracked 
|  70|0x0000000709e00000, 0x0000000709e00000, 0x000000070a000000|  0%| F|  |TAMS 0x0000000709e00000, 0x0000000709e00000| Untracked 
|  71|0x000000070a000000, 0x000000070a000000, 0x000000070a200000|  0%| F|  |TAMS 0x000000070a000000, 0x000000070a000000| Untracked 
|  72|0x000000070a200000, 0x000000070a200000, 0x000000070a400000|  0%| F|  |TAMS 0x000000070a200000, 0x000000070a200000| Untracked 
|  73|0x000000070a400000, 0x000000070a400000, 0x000000070a600000|  0%| F|  |TAMS 0x000000070a400000, 0x000000070a400000| Untracked 
|  74|0x000000070a600000, 0x000000070a600000, 0x000000070a800000|  0%| F|  |TAMS 0x000000070a600000, 0x000000070a600000| Untracked 
|  75|0x000000070a800000, 0x000000070a800000, 0x000000070aa00000|  0%| F|  |TAMS 0x000000070a800000, 0x000000070a800000| Untracked 
|  76|0x000000070aa00000, 0x000000070aa00000, 0x000000070ac00000|  0%| F|  |TAMS 0x000000070aa00000, 0x000000070aa00000| Untracked 
|  77|0x000000070ac00000, 0x000000070ac00000, 0x000000070ae00000|  0%| F|  |TAMS 0x000000070ac00000, 0x000000070ac00000| Untracked 
|  78|0x000000070ae00000, 0x000000070ae00000, 0x000000070b000000|  0%| F|  |TAMS 0x000000070ae00000, 0x000000070ae00000| Untracked 
|  79|0x000000070b000000, 0x000000070b000000, 0x000000070b200000|  0%| F|  |TAMS 0x000000070b000000, 0x000000070b000000| Untracked 
|  80|0x000000070b200000, 0x000000070b200000, 0x000000070b400000|  0%| F|  |TAMS 0x000000070b200000, 0x000000070b200000| Untracked 
|  81|0x000000070b400000, 0x000000070b400000, 0x000000070b600000|  0%| F|  |TAMS 0x000000070b400000, 0x000000070b400000| Untracked 
|  82|0x000000070b600000, 0x000000070b600000, 0x000000070b800000|  0%| F|  |TAMS 0x000000070b600000, 0x000000070b600000| Untracked 
|  83|0x000000070b800000, 0x000000070b800000, 0x000000070ba00000|  0%| F|  |TAMS 0x000000070b800000, 0x000000070b800000| Untracked 
|  84|0x000000070ba00000, 0x000000070ba00000, 0x000000070bc00000|  0%| F|  |TAMS 0x000000070ba00000, 0x000000070ba00000| Untracked 
|  85|0x000000070bc00000, 0x000000070bc00000, 0x000000070be00000|  0%| F|  |TAMS 0x000000070bc00000, 0x000000070bc00000| Untracked 
|  86|0x000000070be00000, 0x000000070be00000, 0x000000070c000000|  0%| F|  |TAMS 0x000000070be00000, 0x000000070be00000| Untracked 
|  87|0x000000070c000000, 0x000000070c000000, 0x000000070c200000|  0%| F|  |TAMS 0x000000070c000000, 0x000000070c000000| Untracked 
|  88|0x000000070c200000, 0x000000070c200000, 0x000000070c400000|  0%| F|  |TAMS 0x000000070c200000, 0x000000070c200000| Untracked 
|  89|0x000000070c400000, 0x000000070c400000, 0x000000070c600000|  0%| F|  |TAMS 0x000000070c400000, 0x000000070c400000| Untracked 
|  90|0x000000070c600000, 0x000000070c600000, 0x000000070c800000|  0%| F|  |TAMS 0x000000070c600000, 0x000000070c600000| Untracked 
|  91|0x000000070c800000, 0x000000070c800000, 0x000000070ca00000|  0%| F|  |TAMS 0x000000070c800000, 0x000000070c800000| Untracked 
|  92|0x000000070ca00000, 0x000000070ca00000, 0x000000070cc00000|  0%| F|  |TAMS 0x000000070ca00000, 0x000000070ca00000| Untracked 
|  93|0x000000070cc00000, 0x000000070cc00000, 0x000000070ce00000|  0%| F|  |TAMS 0x000000070cc00000, 0x000000070cc00000| Untracked 
|  94|0x000000070ce00000, 0x000000070ce00000, 0x000000070d000000|  0%| F|  |TAMS 0x000000070ce00000, 0x000000070ce00000| Untracked 
|  95|0x000000070d000000, 0x000000070d000000, 0x000000070d200000|  0%| F|  |TAMS 0x000000070d000000, 0x000000070d000000| Untracked 
|  96|0x000000070d200000, 0x000000070d200000, 0x000000070d400000|  0%| F|  |TAMS 0x000000070d200000, 0x000000070d200000| Untracked 
|  97|0x000000070d400000, 0x000000070d400000, 0x000000070d600000|  0%| F|  |TAMS 0x000000070d400000, 0x000000070d400000| Untracked 
|  98|0x000000070d600000, 0x000000070d600000, 0x000000070d800000|  0%| F|  |TAMS 0x000000070d600000, 0x000000070d600000| Untracked 
|  99|0x000000070d800000, 0x000000070d800000, 0x000000070da00000|  0%| F|  |TAMS 0x000000070d800000, 0x000000070d800000| Untracked 
| 100|0x000000070da00000, 0x000000070da00000, 0x000000070dc00000|  0%| F|  |TAMS 0x000000070da00000, 0x000000070da00000| Untracked 
| 101|0x000000070dc00000, 0x000000070dc00000, 0x000000070de00000|  0%| F|  |TAMS 0x000000070dc00000, 0x000000070dc00000| Untracked 
| 102|0x000000070de00000, 0x000000070de00000, 0x000000070e000000|  0%| F|  |TAMS 0x000000070de00000, 0x000000070de00000| Untracked 
| 103|0x000000070e000000, 0x000000070e000000, 0x000000070e200000|  0%| F|  |TAMS 0x000000070e000000, 0x000000070e000000| Untracked 
| 104|0x000000070e200000, 0x000000070e200000, 0x000000070e400000|  0%| F|  |TAMS 0x000000070e200000, 0x000000070e200000| Untracked 
| 105|0x000000070e400000, 0x000000070e400000, 0x000000070e600000|  0%| F|  |TAMS 0x000000070e400000, 0x000000070e400000| Untracked 
| 106|0x000000070e600000, 0x000000070e600000, 0x000000070e800000|  0%| F|  |TAMS 0x000000070e600000, 0x000000070e600000| Untracked 
| 107|0x000000070e800000, 0x000000070e800000, 0x000000070ea00000|  0%| F|  |TAMS 0x000000070e800000, 0x000000070e800000| Untracked 
| 108|0x000000070ea00000, 0x000000070ea00000, 0x000000070ec00000|  0%| F|  |TAMS 0x000000070ea00000, 0x000000070ea00000| Untracked 
| 109|0x000000070ec00000, 0x000000070ec00000, 0x000000070ee00000|  0%| F|  |TAMS 0x000000070ec00000, 0x000000070ec00000| Untracked 
| 110|0x000000070ee00000, 0x000000070ee00000, 0x000000070f000000|  0%| F|  |TAMS 0x000000070ee00000, 0x000000070ee00000| Untracked 
| 111|0x000000070f000000, 0x000000070f000000, 0x000000070f200000|  0%| F|  |TAMS 0x000000070f000000, 0x000000070f000000| Untracked 
| 112|0x000000070f200000, 0x000000070f200000, 0x000000070f400000|  0%| F|  |TAMS 0x000000070f200000, 0x000000070f200000| Untracked 
| 113|0x000000070f400000, 0x000000070f400000, 0x000000070f600000|  0%| F|  |TAMS 0x000000070f400000, 0x000000070f400000| Untracked 
| 114|0x000000070f600000, 0x000000070f600000, 0x000000070f800000|  0%| F|  |TAMS 0x000000070f600000, 0x000000070f600000| Untracked 
| 115|0x000000070f800000, 0x000000070f800000, 0x000000070fa00000|  0%| F|  |TAMS 0x000000070f800000, 0x000000070f800000| Untracked 
| 116|0x000000070fa00000, 0x000000070fa00000, 0x000000070fc00000|  0%| F|  |TAMS 0x000000070fa00000, 0x000000070fa00000| Untracked 
| 117|0x000000070fc00000, 0x000000070fc00000, 0x000000070fe00000|  0%| F|  |TAMS 0x000000070fc00000, 0x000000070fc00000| Untracked 
| 118|0x000000070fe00000, 0x000000070fe00000, 0x0000000710000000|  0%| F|  |TAMS 0x000000070fe00000, 0x000000070fe00000| Untracked 
| 119|0x0000000710000000, 0x0000000710000000, 0x0000000710200000|  0%| F|  |TAMS 0x0000000710000000, 0x0000000710000000| Untracked 
| 120|0x0000000710200000, 0x0000000710200000, 0x0000000710400000|  0%| F|  |TAMS 0x0000000710200000, 0x0000000710200000| Untracked 
| 121|0x0000000710400000, 0x0000000710600000, 0x0000000710600000|100%| S|CS|TAMS 0x0000000710400000, 0x0000000710400000| Complete 
| 122|0x0000000710600000, 0x0000000710600000, 0x0000000710800000|  0%| F|  |TAMS 0x0000000710600000, 0x0000000710600000| Untracked 
| 123|0x0000000710800000, 0x0000000710800000, 0x0000000710a00000|  0%| F|  |TAMS 0x0000000710800000, 0x0000000710800000| Untracked 
| 124|0x0000000710a00000, 0x0000000710a31158, 0x0000000710c00000|  9%| E|  |TAMS 0x0000000710a00000, 0x0000000710a00000| Complete 
| 125|0x0000000710c00000, 0x0000000710e00000, 0x0000000710e00000|100%| E|CS|TAMS 0x0000000710c00000, 0x0000000710c00000| Complete 
| 126|0x0000000710e00000, 0x0000000711000000, 0x0000000711000000|100%| E|CS|TAMS 0x0000000710e00000, 0x0000000710e00000| Complete 
| 127|0x0000000711000000, 0x0000000711200000, 0x0000000711200000|100%| E|CS|TAMS 0x0000000711000000, 0x0000000711000000| Complete 

Card table byte_map: [0x0000021d775f0000,0x0000021d77df0000] _byte_map_base: 0x0000021d73de7000

Marking Bits (Prev, Next): (CMBitMap*) 0x0000021d6ef03a00, (CMBitMap*) 0x0000021d6ef03a40
 Prev Bits: [0x0000021d785f0000, 0x0000021d7c5a8000)
 Next Bits: [0x0000021d0f000000, 0x0000021d12fb8000)

Polling page: 0x0000021d6e650000

Metaspace:

Usage:
  Non-class:      3.24 MB used.
      Class:    414.11 KB used.
       Both:      3.65 MB used.

Virtual space:
  Non-class space:       64.00 MB reserved,       3.31 MB (  5%) committed,  1 nodes.
      Class space:        1.00 GB reserved,     512.00 KB ( <1%) committed,  1 nodes.
             Both:        1.06 GB reserved,       3.81 MB ( <1%) committed. 

Chunk freelists:
   Non-Class:  2.68 MB
       Class:  3.48 MB
        Both:  6.16 MB

MaxMetaspaceSize: unlimited
CompressedClassSpaceSize: 1.00 GB
Initial GC threshold: 21.00 MB
Current GC threshold: 21.00 MB
CDS: on
MetaspaceReclaimPolicy: balanced
 - commit_granule_bytes: 65536.
 - commit_granule_words: 8192.
 - virtual_space_node_default_size: 8388608.
 - enlarge_chunks_in_place: 1.
 - new_chunks_are_fully_committed: 0.
 - uncommit_free_chunks: 1.
 - use_allocation_guard: 0.


Internal statistics:

num_allocs_failed_limit: 0.
num_arena_births: 60.
num_arena_deaths: 0.
num_vsnodes_births: 2.
num_vsnodes_deaths: 0.
num_space_committed: 61.
num_space_uncommitted: 0.
num_chunks_returned_to_freelist: 0.
num_chunks_taken_from_freelist: 157.
num_chunk_merges: 0.
num_chunk_splits: 91.
num_chunks_enlarged: 60.
num_inconsistent_stats: 0.

CodeHeap 'non-profiled nmethods': size=120000Kb used=309Kb max_used=309Kb free=119690Kb
 bounds [0x0000021d07ad0000, 0x0000021d07d40000, 0x0000021d0f000000]
CodeHeap 'profiled nmethods': size=120000Kb used=1692Kb max_used=1692Kb free=118307Kb
 bounds [0x0000021d00000000, 0x0000021d00270000, 0x0000021d07530000]
CodeHeap 'non-nmethods': size=5760Kb used=1243Kb max_used=1260Kb free=4516Kb
 bounds [0x0000021d07530000, 0x0000021d077a0000, 0x0000021d07ad0000]
 total_blobs=1437 nmethods=987 adapters=361
 compilation: enabled
              stopped_count=0, restarted_count=0
 full_count=0

Compilation events (20 events):
Event: 0.492 Thread 0x0000021d7eaaae10 nmethod 967 0x0000021d0019b510 code [0x0000021d0019b6c0, 0x0000021d0019b928]
Event: 0.492 Thread 0x0000021d7eaaae10  968       3       java.lang.Thread::getAndClearInterrupt (19 bytes)
Event: 0.492 Thread 0x0000021d7eaaae10 nmethod 968 0x0000021d0019ba10 code [0x0000021d0019bbc0, 0x0000021d0019bd48]
Event: 0.493 Thread 0x0000021d7eaaae10  969   !   3       java.lang.invoke.MethodHandle::setVarargs (25 bytes)
Event: 0.493 Thread 0x0000021d7eaaa4a0 nmethod 941 0x0000021d07b1a890 code [0x0000021d07b1aaa0, 0x0000021d07b1bbf0]
Event: 0.493 Thread 0x0000021d7eaaa4a0  943 %     4       java.lang.StringUTF16::compress @ 3 (50 bytes)
Event: 0.493 Thread 0x0000021d7eaaae10 nmethod 969 0x0000021d0019be10 code [0x0000021d0019c020, 0x0000021d0019c6d8]
Event: 0.493 Thread 0x0000021d7eaaae10  970       3       java.lang.invoke.MemberName::isVarargs (23 bytes)
Event: 0.494 Thread 0x0000021d7eaaae10 nmethod 970 0x0000021d0019c910 code [0x0000021d0019cae0, 0x0000021d0019cf78]
Event: 0.494 Thread 0x0000021d7eaaae10  972       3       java.lang.invoke.AbstractValidatingLambdaMetafactory::isAdaptableTo (126 bytes)
Event: 0.494 Thread 0x0000021d7eaaae10 nmethod 972 0x0000021d0019d110 code [0x0000021d0019d3c0, 0x0000021d0019ddd8]
Event: 0.494 Thread 0x0000021d7eaaae10  973       3       java.lang.invoke.DirectMethodHandle$Constructor::<init> (44 bytes)
Event: 0.494 Thread 0x0000021d7eaaae10 nmethod 973 0x0000021d0019e190 code [0x0000021d0019e340, 0x0000021d0019e568]
Event: 0.494 Thread 0x0000021d7eaaae10  974       1       jdk.internal.org.objectweb.asm.SymbolTable::getConstantPoolCount (5 bytes)
Event: 0.494 Thread 0x0000021d7eaaae10 nmethod 974 0x0000021d07b1c910 code [0x0000021d07b1caa0, 0x0000021d07b1cb58]
Event: 0.494 Thread 0x0000021d7eaaae10  976   !   3       java.lang.invoke.MemberName$Factory::resolve (159 bytes)
Event: 0.495 Thread 0x0000021d7eaaae10 nmethod 976 0x0000021d0019e610 code [0x0000021d0019e840, 0x0000021d0019ef48]
Event: 0.495 Thread 0x0000021d7eaaae10  978       3       java.lang.invoke.LambdaForm::parameterType (9 bytes)
Event: 0.495 Thread 0x0000021d7eaaae10 nmethod 978 0x0000021d0019f210 code [0x0000021d0019f3c0, 0x0000021d0019f508]
Event: 0.495 Thread 0x0000021d7eaaae10  979       3       java.lang.invoke.MethodHandles$Lookup::in (283 bytes)

GC Heap History (2 events):
Event: 0.387 GC heap before
{Heap before GC invocations=0 (full 0):
 garbage-first heap   total 262144K, used 10240K [0x0000000701200000, 0x0000000800000000)
  region size 2048K, 6 young (12288K), 0 survivors (0K)
 Metaspace       used 2327K, committed 2496K, reserved 1114112K
  class space    used 214K, committed 320K, reserved 1048576K
}
Event: 0.389 GC heap after
{Heap after GC invocations=1 (full 0):
 garbage-first heap   total 262144K, used 6642K [0x0000000701200000, 0x0000000800000000)
  region size 2048K, 1 young (2048K), 1 survivors (2048K)
 Metaspace       used 2327K, committed 2496K, reserved 1114112K
  class space    used 214K, committed 320K, reserved 1048576K
}

Dll operation events (11 events):
Event: 0.006 Loaded shared library D:\Program Files\Java\jdk-19\bin\java.dll
Event: 0.014 Loaded shared library D:\Program Files\Java\jdk-19\bin\jsvml.dll
Event: 0.153 Loaded shared library D:\Program Files\Java\jdk-19\bin\zip.dll
Event: 0.155 Loaded shared library D:\Program Files\Java\jdk-19\bin\instrument.dll
Event: 0.159 Loaded shared library D:\Program Files\Java\jdk-19\bin\net.dll
Event: 0.161 Loaded shared library D:\Program Files\Java\jdk-19\bin\nio.dll
Event: 0.164 Loaded shared library D:\Program Files\Java\jdk-19\bin\zip.dll
Event: 0.177 Loaded shared library D:\Program Files\JetBrains\IntelliJ IDEA 2022.2.3\bin\breakgen64.dll
Event: 0.186 Loaded shared library D:\Program Files\Java\jdk-19\bin\extnet.dll
Event: 0.284 Loaded shared library D:\Program Files\Java\jdk-19\bin\jimage.dll
Event: 0.473 Loaded shared library D:\Program Files\Java\jdk-19\bin\verify.dll

Deoptimization events (20 events):
Event: 0.179 Thread 0x0000021d6ee93cb0 Uncommon trap: trap_request=0xffffff45 fr.pc=0x0000021d07ad1648 relative=0x00000000000000a8
Event: 0.179 Thread 0x0000021d6ee93cb0 Uncommon trap: reason=unstable_if action=reinterpret pc=0x0000021d07ad1648 method=java.lang.String.isLatin1()Z @ 10 c2
Event: 0.179 Thread 0x0000021d6ee93cb0 DEOPT PACKING pc=0x0000021d07ad1648 sp=0x000000ed1c1ff060
Event: 0.179 Thread 0x0000021d6ee93cb0 DEOPT UNPACKING pc=0x0000021d07596da3 sp=0x000000ed1c1fefa0 mode 2
Event: 0.190 Thread 0x0000021d6ee93cb0 DEOPT PACKING pc=0x0000021d00009e67 sp=0x000000ed1c1fab20
Event: 0.190 Thread 0x0000021d6ee93cb0 DEOPT UNPACKING pc=0x0000021d07597543 sp=0x000000ed1c1f9f40 mode 0
Event: 0.204 Thread 0x0000021d6ee93cb0 Uncommon trap: trap_request=0xffffff45 fr.pc=0x0000021d07ae6800 relative=0x0000000000000740
Event: 0.204 Thread 0x0000021d6ee93cb0 Uncommon trap: reason=unstable_if action=reinterpret pc=0x0000021d07ae6800 method=java.util.zip.ZipFile$Source.checkAndAddEntry(II)I @ 50 c2
Event: 0.204 Thread 0x0000021d6ee93cb0 DEOPT PACKING pc=0x0000021d07ae6800 sp=0x000000ed1c1fa550
Event: 0.204 Thread 0x0000021d6ee93cb0 DEOPT UNPACKING pc=0x0000021d07596da3 sp=0x000000ed1c1fa4c0 mode 2
Event: 0.311 Thread 0x0000021d6ee93cb0 DEOPT PACKING pc=0x0000021d0005bdde sp=0x000000ed1c1fc390
Event: 0.311 Thread 0x0000021d6ee93cb0 DEOPT UNPACKING pc=0x0000021d07597543 sp=0x000000ed1c1fb868 mode 0
Event: 0.331 Thread 0x0000021d6ee93cb0 DEOPT PACKING pc=0x0000021d00050457 sp=0x000000ed1c1fc5d0
Event: 0.331 Thread 0x0000021d6ee93cb0 DEOPT UNPACKING pc=0x0000021d07597543 sp=0x000000ed1c1fba68 mode 0
Event: 0.362 Thread 0x0000021d6ee93cb0 Uncommon trap: trap_request=0xffffff45 fr.pc=0x0000021d07adf0ec relative=0x000000000000084c
Event: 0.362 Thread 0x0000021d6ee93cb0 Uncommon trap: reason=unstable_if action=reinterpret pc=0x0000021d07adf0ec method=java.util.HashMap.putVal(ILjava/lang/Object;Ljava/lang/Object;ZZ)Ljava/lang/Object; @ 69 c2
Event: 0.362 Thread 0x0000021d6ee93cb0 DEOPT PACKING pc=0x0000021d07adf0ec sp=0x000000ed1c1fdc10
Event: 0.362 Thread 0x0000021d6ee93cb0 DEOPT UNPACKING pc=0x0000021d07596da3 sp=0x000000ed1c1fdbc0 mode 2
Event: 0.403 Thread 0x0000021d6ee93cb0 DEOPT PACKING pc=0x0000021d0000db65 sp=0x000000ed1c1f8ba0
Event: 0.403 Thread 0x0000021d6ee93cb0 DEOPT UNPACKING pc=0x0000021d07597543 sp=0x000000ed1c1f8018 mode 0

Classes loaded (20 events):
Event: 0.462 Loading class java/util/stream/SortedOps$SizedRefSortingSink
Event: 0.462 Loading class java/util/stream/SortedOps$AbstractRefSortingSink
Event: 0.462 Loading class java/util/stream/SortedOps$AbstractRefSortingSink done
Event: 0.462 Loading class java/util/stream/SortedOps$SizedRefSortingSink done
Event: 0.470 Loading class java/util/stream/MatchOps$MatchKind
Event: 0.470 Loading class java/util/stream/MatchOps$MatchKind done
Event: 0.470 Loading class java/util/stream/MatchOps
Event: 0.470 Loading class java/util/stream/MatchOps done
Event: 0.470 Loading class java/util/stream/MatchOps$MatchOp
Event: 0.470 Loading class java/util/stream/MatchOps$MatchOp done
Event: 0.470 Loading class java/util/stream/MatchOps$BooleanTerminalSink
Event: 0.470 Loading class java/util/stream/MatchOps$BooleanTerminalSink done
Event: 0.470 Loading class java/util/stream/MatchOps$1MatchSink
Event: 0.470 Loading class java/util/stream/MatchOps$1MatchSink done
Event: 0.471 Loading class java/math/BigDecimal
Event: 0.472 Loading class java/math/BigDecimal done
Event: 0.472 Loading class java/math/MathContext
Event: 0.472 Loading class java/math/MathContext done
Event: 0.495 Loading class java/lang/invoke/DirectMethodHandle$Special
Event: 0.495 Loading class java/lang/invoke/DirectMethodHandle$Special done

Classes unloaded (0 events):
No events

Classes redefined (0 events):
No events

Internal exceptions (14 events):
Event: 0.169 Thread 0x0000021d6ee93cb0 Exception <a 'java/lang/NoSuchMethodError'{0x0000000710e645f0}: 'void java.lang.invoke.DirectMethodHandle$Holder.invokeStatic(java.lang.Object, java.lang.Object, java.lang.Object)'> (0x0000000710e645f0) 
thrown [s\open\src\hotspot\share\interpreter\linkResolver.cpp, line 774]
Event: 0.173 Thread 0x0000021d6ee93cb0 Exception <a 'java/lang/NoSuchMethodError'{0x0000000710e7ce50}: 'java.lang.Object java.lang.invoke.Invokers$Holder.invokeExact_MT(java.lang.Object, java.lang.Object, java.lang.Object, java.lang.Object, java.lang.Object)'> (0x0000000710e7ce50) 
thrown [s\open\src\hotspot\share\interpreter\linkResolver.cpp, line 774]
Event: 0.187 Thread 0x0000021d17379cf0 Exception <a 'java/lang/NoSuchMethodError'{0x0000000710ec0350}: 'void java.lang.invoke.DirectMethodHandle$Holder.invokeStatic(java.lang.Object, java.lang.Object)'> (0x0000000710ec0350) 
thrown [s\open\src\hotspot\share\interpreter\linkResolver.cpp, line 774]
Event: 0.258 Thread 0x0000021d6ee93cb0 Exception <a 'java/lang/NoSuchMethodError'{0x0000000710b1cd60}: 'java.lang.Object java.lang.invoke.DirectMethodHandle$Holder.invokeStaticInit(java.lang.Object, int)'> (0x0000000710b1cd60) 
thrown [s\open\src\hotspot\share\interpreter\linkResolver.cpp, line 774]
Event: 0.264 Thread 0x0000021d6ee93cb0 Exception <a 'java/lang/NoSuchMethodError'{0x0000000710b4b440}: 'long java.lang.invoke.DirectMethodHandle$Holder.invokeSpecial(java.lang.Object, java.lang.Object)'> (0x0000000710b4b440) 
thrown [s\open\src\hotspot\share\interpreter\linkResolver.cpp, line 774]
Event: 0.265 Thread 0x0000021d6ee93cb0 Exception <a 'java/lang/NoSuchMethodError'{0x0000000710b4ec00}: 'long java.lang.invoke.Invokers$Holder.invokeExact_MT(java.lang.Object, java.lang.Object)'> (0x0000000710b4ec00) 
thrown [s\open\src\hotspot\share\interpreter\linkResolver.cpp, line 774]
Event: 0.270 Thread 0x0000021d6ee93cb0 Exception <a 'java/lang/NoSuchMethodError'{0x0000000710b665d8}: 'java.lang.Object java.lang.invoke.DirectMethodHandle$Holder.invokeInterface(java.lang.Object, java.lang.Object)'> (0x0000000710b665d8) 
thrown [s\open\src\hotspot\share\interpreter\linkResolver.cpp, line 774]
Event: 0.352 Thread 0x0000021d6ee93cb0 Exception <a 'java/lang/NoSuchMethodError'{0x00000007106dd9f0}: 'java.lang.Object java.lang.invoke.DirectMethodHandle$Holder.invokeVirtual(java.lang.Object, java.lang.Object, java.lang.Object)'> (0x00000007106dd9f0) 
thrown [s\open\src\hotspot\share\interpreter\linkResolver.cpp, line 774]
Event: 0.367 Thread 0x0000021d6ee93cb0 Exception <a 'java/lang/NoSuchMethodError'{0x00000007107518d0}: 'java.lang.Object java.lang.invoke.DirectMethodHandle$Holder.newInvokeSpecial(java.lang.Object, java.lang.Object, java.lang.Object, java.lang.Object, java.lang.Object)'> (0x00000007107518d0) 
thrown [s\open\src\hotspot\share\interpreter\linkResolver.cpp, line 774]
Event: 0.456 Thread 0x0000021d6ee93cb0 Exception <a 'java/lang/NoSuchMethodError'{0x0000000710f22c98}: 'java.lang.Object java.lang.invoke.DirectMethodHandle$Holder.invokeStaticInit(java.lang.Object, java.lang.Object, java.lang.Object)'> (0x0000000710f22c98) 
thrown [s\open\src\hotspot\share\interpreter\linkResolver.cpp, line 774]
Event: 0.457 Thread 0x0000021d6ee93cb0 Exception <a 'java/lang/NoSuchMethodError'{0x0000000710f2a178}: 'void java.lang.invoke.DirectMethodHandle$Holder.invokeStaticInit(java.lang.Object, java.lang.Object, java.lang.Object)'> (0x0000000710f2a178) 
thrown [s\open\src\hotspot\share\interpreter\linkResolver.cpp, line 774]
Event: 0.469 Thread 0x0000021d6ee93cb0 Exception <a 'java/lang/NoSuchMethodError'{0x0000000710fa0ca8}: 'int java.lang.invoke.DirectMethodHandle$Holder.invokeVirtual(java.lang.Object, java.lang.Object)'> (0x0000000710fa0ca8) 
thrown [s\open\src\hotspot\share\interpreter\linkResolver.cpp, line 774]
Event: 0.474 Thread 0x0000021d6ee93cb0 Exception <a 'java/lang/NoSuchMethodError'{0x0000000710fbae48}: 'java.lang.Object java.lang.invoke.DirectMethodHandle$Holder.invokeStaticInit(java.lang.Object)'> (0x0000000710fbae48) 
thrown [s\open\src\hotspot\share\interpreter\linkResolver.cpp, line 774]
Event: 0.479 Thread 0x0000021d6ee93cb0 Exception <a 'java/lang/NoSuchMethodError'{0x0000000710c07428}: 'int java.lang.invoke.DirectMethodHandle$Holder.invokeSpecial(java.lang.Object, java.lang.Object, java.lang.Object)'> (0x0000000710c07428) 
thrown [s\open\src\hotspot\share\interpreter\linkResolver.cpp, line 774]

VM Operations (14 events):
Event: 0.142 Executing VM operation: HandshakeAllThreads
Event: 0.142 Executing VM operation: HandshakeAllThreads done
Event: 0.181 Executing VM operation: HandshakeAllThreads
Event: 0.181 Executing VM operation: HandshakeAllThreads done
Event: 0.254 Executing VM operation: HandshakeAllThreads
Event: 0.254 Executing VM operation: HandshakeAllThreads done
Event: 0.262 Executing VM operation: HandshakeAllThreads
Event: 0.262 Executing VM operation: HandshakeAllThreads done
Event: 0.327 Executing VM operation: HandshakeAllThreads
Event: 0.327 Executing VM operation: HandshakeAllThreads done
Event: 0.355 Executing VM operation: HandshakeAllThreads
Event: 0.355 Executing VM operation: HandshakeAllThreads done
Event: 0.387 Executing VM operation: G1CollectForAllocation
Event: 0.389 Executing VM operation: G1CollectForAllocation done

Events (13 events):
Event: 0.014 Thread 0x0000021d6ee93cb0 Thread added: 0x0000021d6ee93cb0
Event: 0.025 Thread 0x0000021d7ea8b360 Thread added: 0x0000021d7ea8b360
Event: 0.025 Thread 0x0000021d7ea8c050 Thread added: 0x0000021d7ea8c050
Event: 0.025 Thread 0x0000021d7ea8f850 Thread added: 0x0000021d7ea8f850
Event: 0.025 Thread 0x0000021d7ea91390 Thread added: 0x0000021d7ea91390
Event: 0.025 Thread 0x0000021d7ea91ec0 Thread added: 0x0000021d7ea91ec0
Event: 0.026 Thread 0x0000021d7ea9e960 Thread added: 0x0000021d7ea9e960
Event: 0.026 Thread 0x0000021d7eaaa4a0 Thread added: 0x0000021d7eaaa4a0
Event: 0.026 Thread 0x0000021d7eaaae10 Thread added: 0x0000021d7eaaae10
Event: 0.026 Thread 0x0000021d7eabffa0 Thread added: 0x0000021d7eabffa0
Event: 0.136 Thread 0x0000021d171c64e0 Thread added: 0x0000021d171c64e0
Event: 0.178 Thread 0x0000021d17379cf0 Thread added: 0x0000021d17379cf0
Event: 0.178 Thread 0x0000021d1737a230 Thread added: 0x0000021d1737a230


Dynamic libraries:
0x00007ff6ad800000 - 0x00007ff6ad810000 	D:\Program Files\Java\jdk-19\bin\java.exe
0x00007fff271b0000 - 0x00007fff273a8000 	C:\Windows\SYSTEM32\ntdll.dll
0x00007fff25550000 - 0x00007fff2560f000 	C:\Windows\System32\KERNEL32.DLL
0x00007fff24890000 - 0x00007fff24b86000 	C:\Windows\System32\KERNELBASE.dll
0x00007fff24e90000 - 0x00007fff24f90000 	C:\Windows\System32\ucrtbase.dll
0x00007fff07da0000 - 0x00007fff07db8000 	D:\Program Files\Java\jdk-19\bin\jli.dll
0x00007fff1d180000 - 0x00007fff1d19b000 	D:\Program Files\Java\jdk-19\bin\VCRUNTIME140.dll
0x00007fff25210000 - 0x00007fff252bf000 	C:\Windows\System32\ADVAPI32.dll
0x00007fff26f40000 - 0x00007fff26fde000 	C:\Windows\System32\msvcrt.dll
0x00007fff26730000 - 0x00007fff267cc000 	C:\Windows\System32\sechost.dll
0x00007fff25b30000 - 0x00007fff25c56000 	C:\Windows\System32\RPCRT4.dll
0x00007fff25d80000 - 0x00007fff25f1d000 	C:\Windows\System32\USER32.dll
0x00007fff250a0000 - 0x00007fff250c2000 	C:\Windows\System32\win32u.dll
0x00007fff25f20000 - 0x00007fff25f4c000 	C:\Windows\System32\GDI32.dll
0x00007fff181f0000 - 0x00007fff1848a000 	C:\Windows\WinSxS\amd64_microsoft.windows.common-controls_6595b64144ccf1df_6.0.19041.1110_none_60b5254171f9507e\COMCTL32.dll
0x00007fff24bc0000 - 0x00007fff24cd5000 	C:\Windows\System32\gdi32full.dll
0x00007fff24f90000 - 0x00007fff2502d000 	C:\Windows\System32\msvcp_win.dll
0x00007fff1d810000 - 0x00007fff1d81a000 	C:\Windows\SYSTEM32\VERSION.dll
0x00007fff270c0000 - 0x00007fff270f0000 	C:\Windows\System32\IMM32.DLL
0x00007fff1fa70000 - 0x00007fff1fa7c000 	D:\Program Files\Java\jdk-19\bin\vcruntime140_1.dll
0x00007fff07e40000 - 0x00007fff07ece000 	D:\Program Files\Java\jdk-19\bin\msvcp140.dll
0x00007ffec6ba0000 - 0x00007ffec7860000 	D:\Program Files\Java\jdk-19\bin\server\jvm.dll
0x00007fff1c050000 - 0x00007fff1c077000 	C:\Windows\SYSTEM32\WINMM.dll
0x00007fff1fa10000 - 0x00007fff1fa19000 	C:\Windows\SYSTEM32\WSOCK32.dll
0x00007fff26da0000 - 0x00007fff26e0b000 	C:\Windows\System32\WS2_32.dll
0x00007fff230f0000 - 0x00007fff23102000 	C:\Windows\SYSTEM32\kernel.appcore.dll
0x00007fff1fa60000 - 0x00007fff1fa6a000 	D:\Program Files\Java\jdk-19\bin\jimage.dll
0x00007fff22730000 - 0x00007fff22914000 	C:\Windows\SYSTEM32\DBGHELP.DLL
0x00007fff15a90000 - 0x00007fff15ac4000 	C:\Windows\SYSTEM32\dbgcore.DLL
0x00007fff250d0000 - 0x00007fff25152000 	C:\Windows\System32\bcryptPrimitives.dll
0x00007fff21d50000 - 0x00007fff21d5e000 	D:\Program Files\Java\jdk-19\bin\instrument.dll
0x00007fff1f5f0000 - 0x00007fff1f616000 	D:\Program Files\Java\jdk-19\bin\java.dll
0x00007fff06160000 - 0x00007fff06237000 	D:\Program Files\Java\jdk-19\bin\jsvml.dll
0x00007fff25fe0000 - 0x00007fff26724000 	C:\Windows\System32\SHELL32.dll
0x00007fff22930000 - 0x00007fff230c3000 	C:\Windows\SYSTEM32\windows.storage.dll
0x00007fff26a40000 - 0x00007fff26d94000 	C:\Windows\System32\combase.dll
0x00007fff242e0000 - 0x00007fff2430e000 	C:\Windows\SYSTEM32\Wldp.dll
0x00007fff26990000 - 0x00007fff26a3d000 	C:\Windows\System32\SHCORE.dll
0x00007fff270f0000 - 0x00007fff27145000 	C:\Windows\System32\shlwapi.dll
0x00007fff247d0000 - 0x00007fff247ef000 	C:\Windows\SYSTEM32\profapi.dll
0x00007fff07e00000 - 0x00007fff07e18000 	D:\Program Files\Java\jdk-19\bin\zip.dll
0x00007fff151f0000 - 0x00007fff15203000 	D:\Program Files\Java\jdk-19\bin\net.dll
0x00007fff1ce50000 - 0x00007fff1cf5a000 	C:\Windows\SYSTEM32\WINHTTP.dll
0x00007fff24040000 - 0x00007fff240aa000 	C:\Windows\system32\mswsock.dll
0x00007fff07e20000 - 0x00007fff07e36000 	D:\Program Files\Java\jdk-19\bin\nio.dll
0x00007fff1f560000 - 0x00007fff1f57a000 	D:\Program Files\JetBrains\IntelliJ IDEA 2022.2.3\bin\breakgen64.dll
0x00007fff1fa20000 - 0x00007fff1fa28000 	D:\Program Files\Java\jdk-19\bin\extnet.dll
0x00007fff14d50000 - 0x00007fff14d60000 	D:\Program Files\Java\jdk-19\bin\verify.dll

dbghelp: loaded successfully - version: 4.0.5 - missing functions: none
symbol engine: initialized successfully - sym options: 0x614 - pdb path: .;D:\Program Files\Java\jdk-19\bin;C:\Windows\SYSTEM32;C:\Windows\WinSxS\amd64_microsoft.windows.common-controls_6595b64144ccf1df_6.0.19041.1110_none_60b5254171f9507e;D:\Program Files\Java\jdk-19\bin\server;D:\Program Files\JetBrains\IntelliJ IDEA 2022.2.3\bin

VM Arguments:
jvm_args: -ea -Didea.test.cyclic.buffer.size=1048576 -javaagent:D:\Program Files\JetBrains\IntelliJ IDEA 2022.2.3\lib\idea_rt.jar=55291:D:\Program Files\JetBrains\IntelliJ IDEA 2022.2.3\bin -Dfile.encoding=UTF-8 -Dsun.stdout.encoding=UTF-8 -Dsun.stderr.encoding=UTF-8 
java_command: com.intellij.rt.junit.JUnitStarter -ideVersion5 -junit5 com.mango.repository.RideRepositoryTest,findActiveByDriver
java_class_path (initial): C:\Users\SlepiLepi\.m2\repository\org\junit\platform\junit-platform-launcher\1.9.1\junit-platform-launcher-1.9.1.jar;C:\Users\SlepiLepi\.m2\repository\org\junit\vintage\junit-vintage-engine\5.9.1\junit-vintage-engine-5.9.1.jar;D:\Program Files\JetBrains\IntelliJ IDEA 2022.2.3\lib\idea_rt.jar;D:\Program Files\JetBrains\IntelliJ IDEA 2022.2.3\plugins\junit\lib\junit5-rt.jar;D:\Program Files\JetBrains\IntelliJ IDEA 2022.2.3\plugins\junit\lib\junit-rt.jar;D:\Android\ManGo-Back\mango\target\test-classes;D:\Android\ManGo-Back\mango\target\classes;C:\Users\SlepiLepi\.m2\repository\org\springframework\boot\spring-boot-starter-data-jpa\3.0.0\spring-boot-starter-data-jpa-3.0.0.jar;C:\Users\SlepiLepi\.m2\repository\org\springframework\boot\spring-boot-starter-aop\3.0.0\spring-boot-starter-aop-3.0.0.jar;C:\Users\SlepiLepi\.m2\repository\org\aspectj\aspectjweaver\1.9.9.1\aspectjweaver-1.9.9.1.jar;C:\Users\SlepiLepi\.m2\repository\org\springframework\boot\spring-boot-starter-jdbc\3.0.0\spring-boot-starter-jdbc-3.0.0.jar;C:\Users\SlepiLepi\.m2\repository\com\zaxxer\HikariCP\5.0.1\HikariCP-5.0.1.jar;C:\Users\SlepiLepi\.m2\repository\org\springframework\spring-jdbc\6.0.2\spring-jdbc-6.0.2.jar;C:\Users\SlepiLepi\.m2\repository\org\hibernate\orm\hibernate-core\6.1.5.Final\hibernate-core-6.1.5.Final.jar;C:\Users\SlepiLepi\.m2\repository\jakarta\persistence\jakarta.persistence-api\3.1.0\jakarta.persistence-api-3.1.0.jar;C:\Users\SlepiLepi\.m2\repository\jakarta\transaction\jakarta.transaction-api\2.0.1\jakarta.transaction-api-2.0.1.jar;C:\Users\SlepiLepi\.m2\repository\org\jboss\logging\jboss-logging\3.5.0.Final\jboss-logging-3.5.0.Final.jar;C:\Users\SlepiLepi\.m2\repository\org\hibernate\common\hibernate-commons-annotations\6.0.2.Final\hibernate-commons-annotations-6.0.2.Final.jar;C:\Users\SlepiLepi\.m2\repository\org\jboss\jandex\2.4.2.Final\jandex-2.4.2.Final.jar;C:\Users\SlepiLepi\.m2\repository\com\fasterxml\classmate\1.5.1\classmate-1.5.1.jar;C:\Users\SlepiLepi\.m2\repository\net\bytebuddy\byte-buddy\1.12.19\byte-buddy-1.12.19.jar;C:\Users\SlepiLepi\.m2\repository\org\glassfish\jaxb\jaxb-runtime\4.0.1\jaxb-runtime-4.0.1.jar;C:\Users\SlepiLepi\.m2\repository\org\glassfish\jaxb\jaxb-core\4.0.1\jaxb-core-4.0.1.jar;C:\Users\SlepiLepi\.m2\repository\org\glassfish\jaxb\txw2\4.0.1\txw2-4.0.1.jar;C:\Users\SlepiLepi\.m2\repository\com\sun\istack\istack-commons-runtime\4.1.1\istack-commons-runtime-4.1.1.jar;C:\Users\SlepiLepi\.m2\repository\jakarta\inject\jakarta.inject-api\2.0.0\jakarta.inject-api-2.0.0.jar;C:\Users\SlepiLepi\.m2\repository\org\antlr\antlr4-runtime\4.10.1\antlr4-runtime-4.10.1.jar;C:\Users\SlepiLepi\.m2\repository\org\springframework\data\spring-data-jpa\3.0.0\spring-data-jpa-3.0.0.jar;C:\Users\SlepiLepi\.m2\repository\org\springframework\data\spring-data-commons\3.0.0\spring-data-commons-3.0.0.jar;C:\Users\SlepiLepi\.m2\repository\org\springframework\spring-orm\6.0.2\spring-orm-6.0.2.jar;C:\Users\SlepiLepi\.m2\repository\org\springframework\spring-context\6.0.2\spring-context-6.0.2.jar;C:\Users\SlepiLepi\.m2\repository\org\springframework\spring-tx\6.0.2\spring-tx-6.0.2.jar;C:\Users\SlepiLepi\.m2\repository\org\springframework\spring-beans\6.0.2\spring-beans-6.0.2.jar;C:\Users\SlepiLepi\.m2\repository\org\slf4j\slf4j-api\2.0.4\slf4j-api-2.0.4.jar;C:\Users\SlepiLepi\.m2\repository\org\springframework\spring-aspects\6.0.2\spring-aspects-6.0.2.jar;C:\Users\SlepiLepi\.m2\repository\org\springframework\boot\spring-boot-starter-web\3.0.0\spring-boot-starter-web-3.0.0.jar;C:\Users\SlepiLepi\.m2\repository\org\springframework\boot\spring-boot-starter-json\3.0.0\spring-boot-starter-json-3.0.0.jar;C:\Users\SlepiLepi\.m2\repository\com\fasterxml\jackson\datatype\jackson-datatype-jdk8\2.14.1\jackson-datatype-jdk8-2.14.1.jar;C:\Users\SlepiLepi\.m2\repository\com\fasterxml\jackson\datatype\jackson-datatype-jsr310\2.14.1\jackson-datatype-jsr310-2.14.1.jar;C:\Users\SlepiLepi\.m2\repository\com\fasterxml\jackson\module\jackson-module-parameter-names\2.14.1\jackson-module-parameter-names-2.14.1.jar;C:\Users\SlepiLepi\.m2\repository\org\springframework\spring-web\6.0.2\spring-web-6.0.2.jar;C:\Users\SlepiLepi\.m2\repository\io\micrometer\micrometer-observation\1.10.2\micrometer-observation-1.10.2.jar;C:\Users\SlepiLepi\.m2\repository\io\micrometer\micrometer-commons\1.10.2\micrometer-commons-1.10.2.jar;C:\Users\SlepiLepi\.m2\repository\org\springframework\spring-webmvc\6.0.2\spring-webmvc-6.0.2.jar;C:\Users\SlepiLepi\.m2\repository\org\springframework\spring-expression\6.0.2\spring-expression-6.0.2.jar;C:\Users\SlepiLepi\.m2\repository\com\googlecode\json-simple\json-simple\1.1.1\json-simple-1.1.1.jar;C:\Users\SlepiLepi\.m2\repository\com\h2database\h2\2.1.214\h2-2.1.214.jar;C:\Users\SlepiLepi\.m2\repository\org\modelmapper\modelmapper\3.1.0\modelmapper-3.1.0.jar;C:\Users\SlepiLepi\.m2\repository\org\springframework\boot\spring-boot-starter-test\3.0.0\spring-boot-starter-test-3.0.0.jar;C:\Users\SlepiLepi\.m2\repository\org\springframework\boot\spring-boot-test\3.0.0\spring-boot-test-3.0.0.jar;C:\Users\SlepiLepi\.m2\repository\org\springframework\boot\spring-boot-test-autoconfigure\3.0.0\spring-boot-test-autoconfigure-3.0.0.jar;C:\Users\SlepiLepi\.m2\repository\com\jayway\jsonpath\json-path\2.7.0\json-path-2.7.0.jar;C:\Users\SlepiLepi\.m2\repository\net\minidev\json-smart\2.4.8\json-smart-2.4.8.jar;C:\Users\SlepiLepi\.m2\repository\net\minidev\accessors-smart\2.4.8\accessors-smart-2.4.8.jar;C:\Users\SlepiLepi\.m2\repository\org\ow2\asm\asm\9.1\asm-9.1.jar;C:\Users\SlepiLepi\.m2\repository\jakarta\xml\bind\jakarta.xml.bind-api\4.0.0\jakarta.xml.bind-api-4.0.0.jar;C:\Users\SlepiLepi\.m2\repository\jakarta\activation\jakarta.activation-api\2.1.0\jakarta.activation-api-2.1.0.jar;C:\Users\SlepiLepi\.m2\repository\org\assertj\assertj-core\3.23.1\assertj-core-3.23.1.jar;C:\Users\SlepiLepi\.m2\repository\org\hamcrest\hamcrest\2.2\hamcrest-2.2.jar;C:\Users\SlepiLepi\.m2\repository\org\junit\jupiter\junit-jupiter\5.9.1\junit-jupiter-5.9.1.jar;C:\Users\SlepiLepi\.m2\repository\org\junit\jupiter\junit-jupiter-engine\5.9.1\junit-jupiter-engine-5.9.1.jar;C:\Users\SlepiLepi\.m2\repository\org\junit\platform\junit-platform-engine\1.9.1\junit-platform-engine-1.9.1.jar;C:\Users\SlepiLepi\.m2\repository\org\mockito\mockito-core\4.8.1\mockito-core-4.8.1.jar;C:\Users\SlepiLepi\.m2\repository\net\bytebuddy\byte-buddy-agent\1.12.19\byte-buddy-agent-1.12.19.jar;C:\Users\SlepiLepi\.m2\repository\org\objenesis\objenesis\3.2\objenesis-3.2.jar;C:\Users\SlepiLepi\.m2\repository\org\mockito\mockito-junit-jupiter\4.8.1\mockito-junit-jupiter-4.8.1.jar;C:\Users\SlepiLepi\.m2\repository\org\skyscreamer\jsonassert\1.5.1\jsonassert-1.5.1.jar;C:\Users\SlepiLepi\.m2\repository\com\vaadin\external\google\android-json\0.0.20131108.vaadin1\android-json-0.0.20131108.vaadin1.jar;C:\Users\SlepiLepi\.m2\repository\org\springframework\spring-core\6.0.2\spring-core-6.0.2.jar;C:\Users\SlepiLepi\.m2\repository\org\springframework\spring-jcl\6.0.2\spring-jcl-6.0.2.jar;C:\Users\SlepiLepi\.m2\repository\org\springframework\spring-test\6.0.2\spring-test-6.0.2.jar;C:\Users\SlepiLepi\.m2\repository\org\xmlunit\xmlunit-core\2.9.0\xmlunit-core-2.9.0.jar;C:\Users\SlepiLepi\.m2\repository\org\junit\jupiter\junit-jupiter-params\5.8.1\junit-jupiter-params-5.8.1.jar;C:\Users\SlepiLepi\.m2\repository\org\junit\jupiter\junit-jupiter-api\5.9.1\junit-jupiter-api-5.9.1.jar;C:\Users\SlepiLepi\.m2\repository\org\opentest4j\opentest4j\1.2.0\opentest4j-1.2.0.jar;C:\Users\SlepiLepi\.m2\repository\org\junit\platform\junit-platform-commons\1.9.1\junit-platform-commons-1.9.1.jar;C:\Users\SlepiLepi\.m2\repository\org\apiguardian\apiguardian-api\1.1.2\apiguardian-api-1.1.2.jar;C:\Users\SlepiLepi\.m2\repository\junit\junit\4.13.2\junit-4.13.2.jar;C:\Users\SlepiLepi\.m2\repository\org\hamcrest\hamcrest-core\2.2\hamcrest-core-2.2.jar;C:\Users\SlepiLepi\.m2\repository\org\projectlombok\lombok\1.18.24\lombok-1.18.24.jar;C:\Users\SlepiLepi\.m2\repository\org\springframework\boot\spring-boot-starter-security\3.0.0\spring-boot-starter-security-3.0.0.jar;C:\Users\SlepiLepi\.m2\repository\org\springframework\spring-aop\6.0.2\spring-aop-6.0.2.jar;C:\Users\SlepiLepi\.m2\repository\org\springframework\security\spring-security-config\6.0.0\spring-security-config-6.0.0.jar;C:\Users\SlepiLepi\.m2\repository\org\springframework\security\spring-security-core\6.0.0\spring-security-core-6.0.0.jar;C:\Users\SlepiLepi\.m2\repository\org\springframework\security\spring-security-crypto\6.0.0\spring-security-crypto-6.0.0.jar;C:\Users\SlepiLepi\.m2\repository\org\springframework\security\spring-security-web\6.0.0\spring-security-web-6.0.0.jar;C:\Users\SlepiLepi\.m2\repository\io\jsonwebtoken\jjwt\0.9.1\jjwt-0.9.1.jar;C:\Users\SlepiLepi\.m2\repository\com\fasterxml\jackson\core\jackson-databind\2.14.1\jackson-databind-2.14.1.jar;C:\Users\SlepiLepi\.m2\repository\com\fasterxml\jackson\core\jackson-annotations\2.14.1\jackson-annotations-2.14.1.jar;C:\Users\SlepiLepi\.m2\repository\com\fasterxml\jackson\core\jackson-core\2.14.1\jackson-core-2.14.1.jar;C:\Users\SlepiLepi\.m2\repository\org\springframework\boot\spring-boot-starter-tomcat\3.0.0\spring-boot-starter-tomcat-3.0.0.jar;C:\Users\SlepiLepi\.m2\repository\jakarta\annotation\jakarta.annotation-api\2.1.1\jakarta.annotation-api-2.1.1.jar;C:\Users\SlepiLepi\.m2\repository\org\apache\tomcat\embed\tomcat-embed-core\10.1.1\tomcat-embed-core-10.1.1.jar;C:\Users\SlepiLepi\.m2\repository\org\apache\tomcat\embed\tomcat-embed-el\10.1.1\tomcat-embed-el-10.1.1.jar;C:\Users\SlepiLepi\.m2\repository\org\apache\tomcat\embed\tomcat-embed-websocket\10.1.1\tomcat-embed-websocket-10.1.1.jar;C:\Users\SlepiLepi\.m2\repository\org\springframework\boot\spring-boot-starter\3.0.0\spring-boot-starter-3.0.0.jar;C:\Users\SlepiLepi\.m2\repository\org\springframework\boot\spring-boot\3.0.0\spring-boot-3.0.0.jar;C:\Users\SlepiLepi\.m2\repository\org\springframework\boot\spring-boot-autoconfigure\3.0.0\spring-boot-autoconfigure-3.0.0.jar;C:\Users\SlepiLepi\.m2\repository\org\springframework\boot\spring-boot-starter-logging\3.0.0\spring-boot-starter-logging-3.0.0.jar;C:\Users\SlepiLepi\.m2\repository\ch\qos\logback\logback-classic\1.4.5\logback-classic-1.4.5.jar;C:\Users\SlepiLepi\.m2\repository\ch\qos\logback\logback-core\1.4.5\logback-core-1.4.5.jar;C:\Users\SlepiLepi\.m2\repository\org\apache\logging\log4j\log4j-to-slf4j\2.19.0\log4j-to-slf4j-2.19.0.jar;C:\Users\SlepiLepi\.m2\repository\org\apache\logging\log4j\log4j-api\2.19.0\log4j-api-2.19.0.jar;C:\Users\SlepiLepi\.m2\repository\org\slf4j\jul-to-slf4j\2.0.4\jul-to-slf4j-2.0.4.jar;C:\Users\SlepiLepi\.m2\repository\org\yaml\snakeyaml\1.33\snakeyaml-1.33.jar;C:\Users\SlepiLepi\.m2\repository\javax\xml\bind\jaxb-api\2.3.1\jaxb-api-2.3.1.jar;C:\Users\SlepiLepi\.m2\repository\javax\activation\javax.activation-api\1.2.0\javax.activation-api-1.2.0.jar;C:\Users\SlepiLepi\.m2\repository\org\springframework\boot\spring-boot-starter-validation\3.0.0\spring-boot-starter-validation-3.0.0.jar;C:\Users\SlepiLepi\.m2\repository\org\hibernate\validator\hibernate-validator\8.0.0.Final\hibernate-validator-8.0.0.Final.jar;C:\Users\SlepiLepi\.m2\repository\jakarta\validation\jakarta.validation-api\3.0.2\jakarta.validation-api-3.0.2.jar;C:\Users\SlepiLepi\.m2\repository\org\springframework\boot\spring-boot-starter-mail\3.0.2\spring-boot-starter-mail-3.0.2.jar;C:\Users\SlepiLepi\.m2\repository\org\springframework\spring-context-support\6.0.2\spring-context-support-6.0.2.jar;C:\Users\SlepiLepi\.m2\repository\org\eclipse\angus\jakarta.mail\1.0.0\jakarta.mail-1.0.0.jar;C:\Users\SlepiLepi\.m2\repository\org\eclipse\angus\angus-activation\1.0.0\angus-activation-1.0.0.jar;C:\Users\SlepiLepi\.m2\repository\org\springframework\boot\spring-boot-devtools\3.0.0\spring-boot-devtools-3.0.0.jar;C:\Users\SlepiLepi\.m2\repository\org\springframework\boot\spring-boot-starter-websocket\3.0.0\spring-boot-starter-websocket-3.0.0.jar;C:\Users\SlepiLepi\.m2\repository\org\springframework\spring-messaging\6.0.2\spring-messaging-6.0.2.jar;C:\Users\SlepiLepi\.m2\repository\org\springframework\spring-websocket\6.0.2\spring-websocket-6.0.2.jar
Launcher Type: SUN_STANDARD

[Global flags]
     intx CICompilerCount                          = 3                                         {product} {ergonomic}
     uint ConcGCThreads                            = 1                                         {product} {ergonomic}
     uint G1ConcRefinementThreads                  = 4                                         {product} {ergonomic}
   size_t G1HeapRegionSize                         = 2097152                                   {product} {ergonomic}
    uintx GCDrainStackTargetSize                   = 64                                        {product} {ergonomic}
   size_t InitialHeapSize                          = 268435456                                 {product} {ergonomic}
   size_t MarkStackSize                            = 4194304                                   {product} {ergonomic}
   size_t MaxHeapSize                              = 4276092928                                {product} {ergonomic}
   size_t MaxNewSize                               = 2564816896                                {product} {ergonomic}
   size_t MinHeapDeltaBytes                        = 2097152                                   {product} {ergonomic}
   size_t MinHeapSize                              = 8388608                                   {product} {ergonomic}
    uintx NonNMethodCodeHeapSize                   = 5832780                                {pd product} {ergonomic}
    uintx NonProfiledCodeHeapSize                  = 122912730                              {pd product} {ergonomic}
    uintx ProfiledCodeHeapSize                     = 122912730                              {pd product} {ergonomic}
    uintx ReservedCodeCacheSize                    = 251658240                              {pd product} {ergonomic}
     bool SegmentedCodeCache                       = true                                      {product} {ergonomic}
   size_t SoftMaxHeapSize                          = 4276092928                             {manageable} {ergonomic}
     bool UseCompressedClassPointers               = true                           {product lp64_product} {ergonomic}
     bool UseCompressedOops                        = true                           {product lp64_product} {ergonomic}
     bool UseG1GC                                  = true                                      {product} {ergonomic}
     bool UseLargePagesIndividualAllocation        = false                                  {pd product} {ergonomic}

Logging:
Log output configuration:
 #0: stdout all=warning uptime,level,tags foldmultilines=false
 #1: stderr all=off uptime,level,tags foldmultilines=false

Environment Variables:
PATH=C:\Program Files\Common Files\Oracle\Java\javapath;C:\Program Files (x86)\Common Files\Oracle\Java\javapath;C:\Program Files (x86)\Common Files\Intel\Shared Libraries\redist\intel64\compiler;C:\ProgramData\Oracle\Java\javapath;C:\Windows\system32;C:\Windows;C:\Windows\System32\Wbem;C:\Windows\System32\WindowsPowerShell\v1.0\;C:\Windows\System32\OpenSSH\;C:\Program Files (x86)\dotnet\;C:\Program Files\dotnet\;C:\Program Files\Git\cmd;D:\Program Files\nodejs\;C:\Users\SlepiLepi\AppData\Roaming\npm;C:\Users\SlepiLepi\AppData\Local\Programs\Python\Python39;C:\Users\SlepiLepi\AppData\Local\Programs\Python\Python39\Scripts;C:\Users\SlepiLepi\AppData\Local\Programs\Python\Python311;C:\Users\SlepiLepi\AppData\Local\Programs\Python\Python311\Scripts;D:\Program Files (x86)\Youtube DLP;D:\Program Files (x86)\ffmpeg\ffmpeg-2022-12-01-git-45ab5307a6-full_build\bin;D:\Program Files\PuTTY\;C:\Program Files\Amazon\AWSSAMCLI\bin\;C:\Program Files\Calibre2\;C:\Program Files\Maven\apache-maven-3.9.1\bin;;C:\Program Files\NVIDIA Corporation\NVIDIA NvDLISR;C:\Program Files (x86)\NVIDIA Corporation\PhysX\Common;C:\Users\SlepiLepi\AppData\Local\Microsoft\WindowsApps;C:\Users\SlepiLepi\.dotnet\tools;C:\Users\SlepiLepi\AppData\Local\GitHubDesktop\bin;C:\Users\SlepiLepi\AppData\Roaming\npm;D:\Users\SlepiLepi\AppData\Local\Programs\Microsoft VS Code\bin;C:\Users\SlepiLepi\AppData\Roaming\npm;C:\Users\SlepiLepi\AppData\Local\Programs\Python\Python39;C:\Users\SlepiLepi\AppData\Local\Programs\Python\Python39\Scripts;C:\Users\SlepiLepi\AppData\Local\Programs\Python\Python311;C:\Users\SlepiLepi\AppData\Local\Programs\Python\Python311\Scripts;D:\Program Files (x86)\Youtube DLP;D:\Program Files (x86)\ffmpeg\ffmpeg-2022-12-01-git-45ab5307a6-full_build\bin;D:\Program Files\JetBrains\PyCharm 2022.3\bin;;
USERNAME=SlepiLepi
OS=Windows_NT
PROCESSOR_IDENTIFIER=AMD64 Family 23 Model 8 Stepping 2, AuthenticAMD
TMP=C:\Users\SLEPIL~1\AppData\Local\Temp
TEMP=C:\Users\SLEPIL~1\AppData\Local\Temp



---------------  S Y S T E M  ---------------

OS:
 Windows 10 , 64 bit Build 19041 (10.0.19041.3031)
OS uptime: 0 days 3:18 hours

CPU: total 4 (initial active 4) (4 cores per cpu, 1 threads per core) family 23 model 8 stepping 2 microcode 0x0, cx8, cmov, fxsr, mmx, 3dnowpref, sse, sse2, sse3, ssse3, sse4a, sse4.1, sse4.2, popcnt, lzcnt, tsc, tscinvbit, avx, avx2, aes, clmul, bmi1, bmi2, adx, sha, fma, vzeroupper, clflush, clflushopt, rdtscp

Memory: 4k page, system-wide physical 16311M (3993M free)
TotalPageFile size 16311M (AvailPageFile size 4M)
current process WorkingSet (physical memory assigned to process): 65M, peak: 65M
current process commit charge ("private bytes"): 348M, peak: 348M

vm_info: Java HotSpot(TM) 64-Bit Server VM (19.0.1+10-21) for windows-amd64 JRE (19.0.1+10-21), built on 2022-09-14T12:45:06Z by "mach5one" with MS VC++ 17.1 (VS2022)

END.
